<?xml version="1.0" encoding="UTF-8"?>
<testsuite xmlns:xsi="http://www.w3.org/2001/XMLSchema-instance" xsi:noNamespaceSchemaLocation="https://maven.apache.org/surefire/maven-surefire-plugin/xsd/surefire-test-report.xsd" name="com.off.bussiness.assigment.OffBussinessAssigment.OffBussinessAssigmentApplicationTests" time="0.582" tests="1" errors="1" skipped="0" failures="0">
  <properties>
[...]
</properties>
  <testcase name="com.off.bussiness.assigment.OffBussinessAssigment.OffBussinessAssigmentApplicationTests" classname="com.off.bussiness.assigment.OffBussinessAssigment.OffBussinessAssigmentApplicationTests" time="0.579">
    <error message="Unable to find a @SpringBootConfiguration, you need to use @ContextConfiguration or @SpringBootTest(classes=...) with your test" type="java.lang.IllegalStateException">java.lang.IllegalStateException: Unable to find a @SpringBootConfiguration, you need to use @ContextConfiguration or @SpringBootTest(classes=...) with your test
</error>
    <system-out><![CDATA[20:11:47.575 [main] DEBUG org.springframework.test.context.BootstrapUtils - Instantiating CacheAwareContextLoaderDelegate from class [org.springframework.test.context.cache.DefaultCacheAwareContextLoaderDelegate]
20:11:47.602 [main] DEBUG org.springframework.test.context.BootstrapUtils - Instantiating BootstrapContext using constructor [public org.springframework.test.context.support.DefaultBootstrapContext(java.lang.Class,org.springframework.test.context.CacheAwareContextLoaderDelegate)]
20:11:47.668 [main] DEBUG org.springframework.test.context.BootstrapUtils - Instantiating TestContextBootstrapper for test class [com.off.bussiness.assigment.OffBussinessAssigment.OffBussinessAssigmentApplicationTests] from class [org.springframework.boot.test.context.SpringBootTestContextBootstrapper]
20:11:47.693 [main] INFO org.springframework.boot.test.context.SpringBootTestContextBootstrapper - Neither @ContextConfiguration nor @ContextHierarchy found for test class [com.off.bussiness.assigment.OffBussinessAssigment.OffBussinessAssigmentApplicationTests], using SpringBootContextLoader
20:11:47.701 [main] DEBUG org.springframework.test.context.support.AbstractContextLoader - Did not detect default resource location for test class [com.off.bussiness.assigment.OffBussinessAssigment.OffBussinessAssigmentApplicationTests]: class path resource [com/off/bussiness/assigment/OffBussinessAssigment/OffBussinessAssigmentApplicationTests-context.xml] does not exist
20:11:47.702 [main] DEBUG org.springframework.test.context.support.AbstractContextLoader - Did not detect default resource location for test class [com.off.bussiness.assigment.OffBussinessAssigment.OffBussinessAssigmentApplicationTests]: class path resource [com/off/bussiness/assigment/OffBussinessAssigment/OffBussinessAssigmentApplicationTestsContext.groovy] does not exist
20:11:47.702 [main] INFO org.springframework.test.context.support.AbstractContextLoader - Could not detect default resource locations for test class [com.off.bussiness.assigment.OffBussinessAssigment.OffBussinessAssigmentApplicationTests]: no resource found for suffixes {-context.xml, Context.groovy}.
20:11:47.703 [main] INFO org.springframework.test.context.support.AnnotationConfigContextLoaderUtils - Could not detect default configuration classes for test class [com.off.bussiness.assigment.OffBussinessAssigment.OffBussinessAssigmentApplicationTests]: OffBussinessAssigmentApplicationTests does not declare any static, non-private, non-final, nested classes annotated with @Configuration.
20:11:47.803 [main] DEBUG org.springframework.test.context.support.ActiveProfilesUtils - Could not find an 'annotation declaring class' for annotation type [org.springframework.test.context.ActiveProfiles] and class [com.off.bussiness.assigment.OffBussinessAssigment.OffBussinessAssigmentApplicationTests]
]]></system-out>
  </testcase>
</testsuite>